[11:52:46] Palshenster (uuid: b5077b6f-3a67-411d-b28c-3a398433e8a9): §7§lЕда:
[11:52:51] Palshenster (uuid: b5077b6f-3a67-411d-b28c-3a398433e8a9): §7Еда:
[11:52:59] Palshenster (uuid: b5077b6f-3a67-411d-b28c-3a398433e8a9): §7§lЕда:
[11:53:14] Palshenster (uuid: b5077b6f-3a67-411d-b28c-3a398433e8a9): §7§kЕда:
[11:53:23] Palshenster (uuid: b5077b6f-3a67-411d-b28c-3a398433e8a9): §7§rЕда:
[11:53:26] Palshenster (uuid: b5077b6f-3a67-411d-b28c-3a398433e8a9): §7§mЕда:
[11:53:35] Palshenster (uuid: b5077b6f-3a67-411d-b28c-3a398433e8a9): §7§nЕда:
[11:53:37] Palshenster (uuid: b5077b6f-3a67-411d-b28c-3a398433e8a9): §7§oЕда:
[11:54:27] Palshenster (uuid: b5077b6f-3a67-411d-b28c-3a398433e8a9): §c 123
[11:54:31] Palshenster (uuid: b5077b6f-3a67-411d-b28c-3a398433e8a9): §a 123
[11:54:40] Palshenster (uuid: b5077b6f-3a67-411d-b28c-3a398433e8a9): §r 123
[11:56:53] Palshenster (uuid: b5077b6f-3a67-411d-b28c-3a398433e8a9): 123
[12:52:57] Palshenster (uuid: b5077b6f-3a67-411d-b28c-3a398433e8a9): $4 123
[12:53:00] Palshenster (uuid: b5077b6f-3a67-411d-b28c-3a398433e8a9): §4 12
[12:53:13] Palshenster (uuid: b5077b6f-3a67-411d-b28c-3a398433e8a9): $4 123
[13:01:38] Palshenster (uuid: b5077b6f-3a67-411d-b28c-3a398433e8a9): 123
[13:01:40] Palshenster (uuid: b5077b6f-3a67-411d-b28c-3a398433e8a9): 123
[13:02:05] Palshenster (uuid: b5077b6f-3a67-411d-b28c-3a398433e8a9): 123
[13:02:10] Palshenster (uuid: b5077b6f-3a67-411d-b28c-3a398433e8a9): !
[13:03:04] Palshenster (uuid: b5077b6f-3a67-411d-b28c-3a398433e8a9): 123
[13:03:10] Palshenster (uuid: b5077b6f-3a67-411d-b28c-3a398433e8a9): 123
[13:04:05] Palshenster (uuid: b5077b6f-3a67-411d-b28c-3a398433e8a9): 123
[13:04:19] Palshenster (uuid: b5077b6f-3a67-411d-b28c-3a398433e8a9): 123
[13:04:27] Palshenster (uuid: b5077b6f-3a67-411d-b28c-3a398433e8a9): 123
[13:04:35] Palshenster (uuid: b5077b6f-3a67-411d-b28c-3a398433e8a9): 123
[13:04:36] Palshenster (uuid: b5077b6f-3a67-411d-b28c-3a398433e8a9): 123
[13:04:38] Palshenster (uuid: b5077b6f-3a67-411d-b28c-3a398433e8a9): 123
[13:04:47] Palshenster (uuid: b5077b6f-3a67-411d-b28c-3a398433e8a9): 123
[13:05:11] Palshenster (uuid: b5077b6f-3a67-411d-b28c-3a398433e8a9): 123
[13:05:13] Palshenster (uuid: b5077b6f-3a67-411d-b28c-3a398433e8a9): 123
[13:05:18] Palshenster (uuid: b5077b6f-3a67-411d-b28c-3a398433e8a9): 123
[13:05:20] Palshenster (uuid: b5077b6f-3a67-411d-b28c-3a398433e8a9): 123
[13:05:22] Palshenster (uuid: b5077b6f-3a67-411d-b28c-3a398433e8a9): 123w
[13:05:42] Palshenster (uuid: b5077b6f-3a67-411d-b28c-3a398433e8a9): 123
[13:05:43] Palshenster (uuid: b5077b6f-3a67-411d-b28c-3a398433e8a9): 123
[13:05:44] Palshenster (uuid: b5077b6f-3a67-411d-b28c-3a398433e8a9): 123
[13:05:45] Palshenster (uuid: b5077b6f-3a67-411d-b28c-3a398433e8a9): 123
[13:05:45] Palshenster (uuid: b5077b6f-3a67-411d-b28c-3a398433e8a9): 123
[13:05:45] Palshenster (uuid: b5077b6f-3a67-411d-b28c-3a398433e8a9): 123
[13:05:58] Palshenster (uuid: b5077b6f-3a67-411d-b28c-3a398433e8a9): 123
[13:06:10] Palshenster (uuid: b5077b6f-3a67-411d-b28c-3a398433e8a9): 123
[13:06:11] Palshenster (uuid: b5077b6f-3a67-411d-b28c-3a398433e8a9): 123
[13:06:12] Palshenster (uuid: b5077b6f-3a67-411d-b28c-3a398433e8a9): 123
[13:06:15] Palshenster (uuid: b5077b6f-3a67-411d-b28c-3a398433e8a9): 123
[13:06:15] Palshenster (uuid: b5077b6f-3a67-411d-b28c-3a398433e8a9): 123
[13:06:16] Palshenster (uuid: b5077b6f-3a67-411d-b28c-3a398433e8a9): 123
[13:06:39] Palshenster (uuid: b5077b6f-3a67-411d-b28c-3a398433e8a9): 123
[13:06:46] Palshenster (uuid: b5077b6f-3a67-411d-b28c-3a398433e8a9): 123
[13:06:49] Palshenster (uuid: b5077b6f-3a67-411d-b28c-3a398433e8a9): 123
[13:39:59] Palshenster (uuid: b5077b6f-3a67-411d-b28c-3a398433e8a9): 123
[13:40:07] Palshenster (uuid: b5077b6f-3a67-411d-b28c-3a398433e8a9): 123
[13:40:19] Palshenster (uuid: b5077b6f-3a67-411d-b28c-3a398433e8a9): 123
[13:40:50] Palshenster (uuid: b5077b6f-3a67-411d-b28c-3a398433e8a9): 213
[13:40:51] Palshenster (uuid: b5077b6f-3a67-411d-b28c-3a398433e8a9): 123
[13:40:53] Palshenster (uuid: b5077b6f-3a67-411d-b28c-3a398433e8a9): §7 12
[13:40:59] Palshenster (uuid: b5077b6f-3a67-411d-b28c-3a398433e8a9): 213
[13:41:02] Palshenster (uuid: b5077b6f-3a67-411d-b28c-3a398433e8a9): 123
[13:41:37] Palshenster (uuid: b5077b6f-3a67-411d-b28c-3a398433e8a9): 123
[13:42:07] Palshenster (uuid: b5077b6f-3a67-411d-b28c-3a398433e8a9): 123
[14:31:03] Palshenster (uuid: b5077b6f-3a67-411d-b28c-3a398433e8a9): 123
[14:31:11] Palshenster (uuid: b5077b6f-3a67-411d-b28c-3a398433e8a9): 123124
[14:31:18] Palshenster (uuid: b5077b6f-3a67-411d-b28c-3a398433e8a9): 123
[14:53:58] Palshenster (uuid: b5077b6f-3a67-411d-b28c-3a398433e8a9): 2
[14:54:07] Palshenster (uuid: b5077b6f-3a67-411d-b28c-3a398433e8a9): gm 1
[14:54:10] Palshenster (uuid: b5077b6f-3a67-411d-b28c-3a398433e8a9): 123
[15:08:21] Palshenster (uuid: b5077b6f-3a67-411d-b28c-3a398433e8a9): 213
